Copyright 1986-2017 Xilinx, Inc. All Rights Reserved.
------------------------------------------------------------------------------------
| Tool Version : Vivado v.2017.4 (win64) Build 2086221 Fri Dec 15 20:55:39 MST 2017
| Date         : Mon Apr  2 08:39:28 2018
| Host         : Beats running 64-bit major release  (build 9200)
| Command      : upgrade_ip
| Device       : xc7z020clg400-1
------------------------------------------------------------------------------------

Upgrade Log for IP 'design_1_Video_Mixer_0_0'

1. Summary
----------

SUCCESS in the upgrade of design_1_Video_Mixer_0_0 (xilinx.com:user:Video_Mixer:1.0) from (Rev. 20) to (Rev. 21)






Copyright 1986-2017 Xilinx, Inc. All Rights Reserved.
------------------------------------------------------------------------------------
| Tool Version : Vivado v.2017.4 (win64) Build 2086221 Fri Dec 15 20:55:39 MST 2017
| Date         : Tue Mar 20 16:17:18 2018
| Host         : Beats running 64-bit major release  (build 9200)
| Command      : upgrade_ip
| Device       : xc7z020clg400-1
------------------------------------------------------------------------------------

Upgrade Log for IP 'design_1_Video_Mixer_0_0'

1. Summary
----------

SUCCESS in the upgrade of design_1_Video_Mixer_0_0 (xilinx.com:user:Video_Mixer:1.0) from (Rev. 19) to (Rev. 20)






Copyright 1986-2017 Xilinx, Inc. All Rights Reserved.
------------------------------------------------------------------------------------
| Tool Version : Vivado v.2017.4 (win64) Build 2086221 Fri Dec 15 20:55:39 MST 2017
| Date         : Tue Mar 20 16:10:43 2018
| Host         : Beats running 64-bit major release  (build 9200)
| Command      : upgrade_ip
| Device       : xc7z020clg400-1
------------------------------------------------------------------------------------

Upgrade Log for IP 'design_1_Video_Mixer_0_0'

1. Summary
----------

SUCCESS in the upgrade of design_1_Video_Mixer_0_0 (xilinx.com:user:Video_Mixer:1.0) from (Rev. 18) to (Rev. 19)

